\BOOKMARK [0][-]{chapter*.1}{\376\377\122\115\212\000}{}% 1
\BOOKMARK [0][-]{chapter.1}{\376\377\124\021\221\317\123\312\124\021\221\317\166\204\176\277\140\047\176\304\124\010}{}% 2
\BOOKMARK [1][-]{section.1.1}{\376\377\124\021\221\317}{chapter.1}% 3
\BOOKMARK [1][-]{section.1.2}{\376\377\124\021\221\317\166\204\176\277\140\047\176\304\124\010}{chapter.1}% 4
\BOOKMARK [0][-]{chapter.2}{\376\377\167\351\226\065}{}% 5
\BOOKMARK [1][-]{section.2.1}{\376\377\167\351\226\065\166\204\127\372\147\054\151\202\137\365}{chapter.2}% 6
\BOOKMARK [1][-]{section.2.2}{\376\377\176\277\140\047\162\354\172\313\116\016\176\277\140\047\166\370\121\163}{chapter.2}% 7
\BOOKMARK [1][-]{section.2.3}{\376\377\124\021\221\317\172\172\225\364}{chapter.2}% 8
\BOOKMARK [2][-]{subsection.2.3.1}{\376\377\226\366\172\172\225\364}{section.2.3}% 9
\BOOKMARK [2][-]{subsection.2.3.2}{\376\377\217\154\177\156\124\016\166\204\172\172\225\364}{section.2.3}% 10
\BOOKMARK [2][-]{subsection.2.3.3}{\376\377\153\143\116\244\140\047}{section.2.3}% 11
\BOOKMARK [1][-]{section.2.4}{\376\377\210\114\122\027\137\017}{chapter.2}% 12
\BOOKMARK [0][-]{chapter.3}{\376\377\176\277\140\047\123\330\143\142}{}% 13
\BOOKMARK [1][-]{section.3.1}{\376\377\136\163\171\373}{chapter.3}% 14
\BOOKMARK [1][-]{section.3.2}{\376\377\145\313\217\154}{chapter.3}% 15
\BOOKMARK [1][-]{section.3.3}{\376\377\142\225\137\161}{chapter.3}% 16
\BOOKMARK [2][-]{subsection.3.3.1}{\376\377\142\225\137\161\122\060\116\000\147\141\166\364\176\277\116\012}{section.3.3}% 17
\BOOKMARK [2][-]{subsection.3.3.2}{\376\377\142\225\137\161\122\060\133\120\172\172\225\364\116\055}{section.3.3}% 18
\BOOKMARK [0][-]{chapter.4}{\376\377\176\277\140\047\116\343\145\160\166\204\136\224\165\050}{}% 19
\BOOKMARK [1][-]{section.4.1}{\376\377\176\277\140\047\126\336\137\122}{chapter.4}% 20
\BOOKMARK [1][-]{section.4.2}{\376\377\127\120\150\007\123\330\143\142}{chapter.4}% 21
\BOOKMARK [1][-]{section.4.3}{\376\377\151\202\163\207\213\272}{chapter.4}% 22
